[0914/182014.975:ERROR:process_reader_win.cc(151)] SuspendThread: Access is denied. (0x5)
[0914/182014.976:ERROR:process_reader_win.cc(151)] SuspendThread: Access is denied. (0x5)
[0914/182014.976:ERROR:process_reader_win.cc(123)] NtOpenThread: {Access Denied} A process has requested access to an object, but has not been granted those access rights. (0xc0000022)
[0914/182014.976:ERROR:exception_snapshot_win.cc(98)] thread ID 16712 not found in process
[0915/140322.700:ERROR:process_reader_win.cc(151)] SuspendThread: Access is denied. (0x5)
[0915/140322.701:ERROR:process_reader_win.cc(151)] SuspendThread: Access is denied. (0x5)
[0915/140322.701:ERROR:process_reader_win.cc(123)] NtOpenThread: {Access Denied} A process has requested access to an object, but has not been granted those access rights. (0xc0000022)
[0915/140322.702:ERROR:exception_snapshot_win.cc(99)] thread ID 660 not found in process
[0915/140322.732:ERROR:process_reader_win.cc(151)] SuspendThread: Access is denied. (0x5)
[0915/140322.733:ERROR:process_reader_win.cc(151)] SuspendThread: Access is denied. (0x5)
[0915/140322.733:ERROR:process_reader_win.cc(151)] SuspendThread: Access is denied. (0x5)
[0915/140322.733:ERROR:process_reader_win.cc(151)] SuspendThread: Access is denied. (0x5)
[0915/140322.733:ERROR:process_reader_win.cc(151)] SuspendThread: Access is denied. (0x5)
[0915/140322.733:ERROR:process_reader_win.cc(151)] SuspendThread: Access is denied. (0x5)
[0915/140322.733:ERROR:process_reader_win.cc(123)] NtOpenThread: {Access Denied} A process has requested access to an object, but has not been granted those access rights. (0xc0000022)
[0915/140322.733:ERROR:exception_snapshot_win.cc(99)] thread ID 7516 not found in process
[0917/135455.672:ERROR:process_reader_win.cc(123)] NtOpenThread: {Access Denied} A process has requested access to an object, but has not been granted those access rights. (0xc0000022)
[0917/135455.678:ERROR:exception_snapshot_win.cc(99)] thread ID 14760 not found in process
[0917/135455.697:ERROR:process_reader_win.cc(123)] NtOpenThread: {Access Denied} A process has requested access to an object, but has not been granted those access rights. (0xc0000022)
[0917/135455.697:ERROR:exception_snapshot_win.cc(99)] thread ID 12992 not found in process
[0922/185513.486:ERROR:process_reader_win.cc(151)] SuspendThread: Access is denied. (0x5)
[0922/185513.487:ERROR:process_reader_win.cc(151)] SuspendThread: Access is denied. (0x5)
[0922/185513.487:ERROR:process_reader_win.cc(123)] NtOpenThread: {Access Denied} A process has requested access to an object, but has not been granted those access rights. (0xc0000022)
[0922/185513.487:ERROR:exception_snapshot_win.cc(99)] thread ID 6816 not found in process
[0923/094448.945:ERROR:process_reader_win.cc(123)] NtOpenThread: {Access Denied} A process has requested access to an object, but has not been granted those access rights. (0xc0000022)
[0923/094448.946:ERROR:exception_snapshot_win.cc(99)] thread ID 8068 not found in process
[0923/094448.967:ERROR:process_reader_win.cc(151)] SuspendThread: Access is denied. (0x5)
[0923/094448.967:ERROR:exception_snapshot_win.cc(99)] thread ID 4908 not found in process
[0923/094448.967:ERROR:scoped_process_suspend.cc(40)] NtResumeProcess: An attempt was made to access an exiting process. (0xc000010a)
[0924/155425.643:ERROR:process_reader_win.cc(151)] SuspendThread: Access is denied. (0x5)
[0924/155425.644:ERROR:process_reader_win.cc(151)] SuspendThread: Access is denied. (0x5)
[0924/155425.644:ERROR:process_reader_win.cc(123)] NtOpenThread: {Access Denied} A process has requested access to an object, but has not been granted those access rights. (0xc0000022)
[0924/155425.645:ERROR:exception_snapshot_win.cc(99)] thread ID 11140 not found in process
[0924/155425.661:ERROR:process_reader_win.cc(151)] SuspendThread: Access is denied. (0x5)
[0924/155425.661:ERROR:process_reader_win.cc(151)] SuspendThread: Access is denied. (0x5)
[0924/155425.661:ERROR:process_reader_win.cc(151)] SuspendThread: Access is denied. (0x5)
[0924/155425.661:ERROR:process_reader_win.cc(151)] SuspendThread: Access is denied. (0x5)
[0924/155425.661:ERROR:process_reader_win.cc(151)] SuspendThread: Access is denied. (0x5)
[0924/155425.661:ERROR:process_reader_win.cc(151)] SuspendThread: Access is denied. (0x5)
[0924/155425.661:ERROR:process_reader_win.cc(123)] NtOpenThread: {Access Denied} A process has requested access to an object, but has not been granted those access rights. (0xc0000022)
[0924/155425.661:ERROR:exception_snapshot_win.cc(99)] thread ID 9292 not found in process
[0924/160911.270:ERROR:process_reader_win.cc(123)] NtOpenThread: {Access Denied} A process has requested access to an object, but has not been granted those access rights. (0xc0000022)
[0924/160911.271:ERROR:exception_snapshot_win.cc(99)] thread ID 18776 not found in process
[0924/160911.280:ERROR:process_reader_win.cc(123)] NtOpenThread: {Access Denied} A process has requested access to an object, but has not been granted those access rights. (0xc0000022)
[0924/160911.280:ERROR:exception_snapshot_win.cc(99)] thread ID 4828 not found in process
[0924/162956.791:ERROR:process_reader_win.cc(123)] NtOpenThread: {Access Denied} A process has requested access to an object, but has not been granted those access rights. (0xc0000022)
[0924/162956.792:ERROR:exception_snapshot_win.cc(99)] thread ID 7064 not found in process
[0924/162956.804:ERROR:process_reader_win.cc(123)] NtOpenThread: {Access Denied} A process has requested access to an object, but has not been granted those access rights. (0xc0000022)
[0924/162956.804:ERROR:exception_snapshot_win.cc(99)] thread ID 10560 not found in process
[0930/180434.434:ERROR:process_reader_win.cc(151)] SuspendThread: Access is denied. (0x5)
[0930/180434.436:ERROR:process_reader_win.cc(151)] SuspendThread: Access is denied. (0x5)
[0930/180434.436:ERROR:process_reader_win.cc(123)] NtOpenThread: {Access Denied} A process has requested access to an object, but has not been granted those access rights. (0xc0000022)
[0930/180434.436:ERROR:exception_snapshot_win.cc(99)] thread ID 20024 not found in process
[1009/103418.527:ERROR:directory_reader_win.cc(43)] FindFirstFile: The system cannot find the path specified. (0x3)
[1009/135221.977:ERROR:directory_reader_win.cc(43)] FindFirstFile: The system cannot find the path specified. (0x3)
[1012/093331.019:ERROR:directory_reader_win.cc(43)] FindFirstFile: The system cannot find the path specified. (0x3)
[1012/114218.059:ERROR:directory_reader_win.cc(43)] FindFirstFile: The system cannot find the path specified. (0x3)
[1012/131516.421:ERROR:directory_reader_win.cc(43)] FindFirstFile: The system cannot find the path specified. (0x3)
[1012/133211.775:ERROR:directory_reader_win.cc(43)] FindFirstFile: The system cannot find the path specified. (0x3)
[1012/164700.061:ERROR:directory_reader_win.cc(43)] FindFirstFile: The system cannot find the path specified. (0x3)
[1013/093825.626:ERROR:directory_reader_win.cc(43)] FindFirstFile: The system cannot find the path specified. (0x3)
[1013/131635.358:ERROR:directory_reader_win.cc(43)] FindFirstFile: The system cannot find the path specified. (0x3)
[1013/163030.301:ERROR:directory_reader_win.cc(43)] FindFirstFile: The system cannot find the path specified. (0x3)
[1013/181002.134:ERROR:process_reader_win.cc(151)] SuspendThread: Access is denied. (0x5)
[1013/181002.134:ERROR:process_reader_win.cc(151)] SuspendThread: Access is denied. (0x5)
[1013/181002.134:ERROR:process_reader_win.cc(123)] NtOpenThread: {Access Denied} A process has requested access to an object, but has not been granted those access rights. (0xc0000022)
[1013/181002.135:ERROR:exception_snapshot_win.cc(99)] thread ID 2088 not found in process
[1014/100230.413:ERROR:directory_reader_win.cc(43)] FindFirstFile: The system cannot find the path specified. (0x3)
[1014/132642.386:ERROR:directory_reader_win.cc(43)] FindFirstFile: The system cannot find the path specified. (0x3)
[1014/174743.423:ERROR:directory_reader_win.cc(43)] FindFirstFile: The system cannot find the path specified. (0x3)
[1015/092149.660:ERROR:directory_reader_win.cc(43)] FindFirstFile: The system cannot find the path specified. (0x3)
[1016/085400.531:ERROR:directory_reader_win.cc(43)] FindFirstFile: The system cannot find the path specified. (0x3)
[0121/093234.304:ERROR:directory_reader_win.cc(43)] FindFirstFile: The system cannot find the path specified. (0x3)
[0121/114029.479:ERROR:directory_reader_win.cc(43)] FindFirstFile: The system cannot find the path specified. (0x3)
[0121/142250.549:ERROR:directory_reader_win.cc(43)] FindFirstFile: The system cannot find the path specified. (0x3)
[0122/091501.800:ERROR:directory_reader_win.cc(43)] FindFirstFile: The system cannot find the path specified. (0x3)
[0125/104546.179:ERROR:directory_reader_win.cc(43)] FindFirstFile: The system cannot find the path specified. (0x3)
[0127/140555.172:ERROR:directory_reader_win.cc(43)] FindFirstFile: The system cannot find the path specified. (0x3)
[0127/153611.660:ERROR:directory_reader_win.cc(43)] FindFirstFile: The system cannot find the path specified. (0x3)
